0 verbose cli /opt/homebrew/Cellar/node/24.2.0/bin/node /opt/homebrew/lib/node_modules/npm/bin/npm-cli.js
1 info using npm@11.3.0
2 info using node@v24.2.0
3 silly config load:file:/opt/homebrew/lib/node_modules/npm/npmrc
4 silly config load:file:/Users/psilvu/Dev/ChurchAsset/.npmrc
5 silly config load:file:/Users/psilvu/.npmrc
6 silly config load:file:/opt/homebrew/etc/npmrc
7 verbose title npm exec create-next-app@latest church-asset --ts --tailwind --eslint --app --src-dir --import-alias @/*
8 verbose argv "exec" "--yes" "--" "create-next-app@latest" "church-asset" "--ts" "--tailwind" "--eslint" "--app" "--src-dir" "--import-alias" "@/*"
9 verbose logfile logs-max:10 dir:/Users/psilvu/Dev/ChurchAsset/.npm/_logs/2026-02-02T07_19_34_862Z-
10 verbose logfile /Users/psilvu/Dev/ChurchAsset/.npm/_logs/2026-02-02T07_19_34_862Z-debug-0.log
11 silly logfile done cleaning log files
12 silly packumentCache heap:4496293888 maxSize:1124073472 maxEntrySize:562036736
13 http fetch GET 200 https://registry.npmjs.org/create-next-app 95ms (cache revalidated)
14 silly packumentCache heap:4496293888 maxSize:1124073472 maxEntrySize:562036736
15 silly packumentCache heap:4496293888 maxSize:1124073472 maxEntrySize:562036736
16 verbose cwd /Users/psilvu/Dev/ChurchAsset
17 verbose os Darwin 25.2.0
18 verbose node v24.2.0
19 verbose npm  v11.3.0
20 verbose exit 0
21 info ok
