0 verbose cli /opt/homebrew/Cellar/node/24.2.0/bin/node /opt/homebrew/bin/npm
1 info using npm@11.3.0
2 info using node@v24.2.0
3 silly config load:file:/opt/homebrew/lib/node_modules/npm/npmrc
4 silly config load:file:/Users/psilvu/Dev/ChurchAsset/.npmrc
5 silly config load:file:/Users/psilvu/.npmrc
6 silly config load:file:/opt/homebrew/etc/npmrc
7 verbose title npm install react-calendar
8 verbose argv "install" "react-calendar"
9 verbose logfile logs-max:10 dir:/Users/psilvu/Dev/ChurchAsset/.npm/_logs/2026-02-02T08_58_33_964Z-
10 verbose logfile /Users/psilvu/Dev/ChurchAsset/.npm/_logs/2026-02-02T08_58_33_964Z-debug-0.log
11 silly logfile done cleaning log files
12 silly packumentCache heap:4496293888 maxSize:1124073472 maxEntrySize:562036736
13 silly idealTree buildDeps
14 silly fetch manifest react-calendar@*
15 silly packumentCache full:https://registry.npmjs.org/react-calendar cache-miss
16 http fetch GET 200 https://registry.npmjs.org/react-calendar 106ms (cache miss)
17 silly packumentCache full:https://registry.npmjs.org/react-calendar set size:undefined disposed:false
18 silly fetch manifest @types/react@^19
19 silly packumentCache full:https://registry.npmjs.org/@types%2freact cache-miss
20 http fetch GET 200 https://registry.npmjs.org/@types%2freact 39ms (cache revalidated)
21 silly packumentCache full:https://registry.npmjs.org/@types%2freact set size:2555610 disposed:false
22 silly fetch manifest react@19.2.3
23 silly packumentCache full:https://registry.npmjs.org/react cache-miss
24 http fetch GET 200 https://registry.npmjs.org/react 36ms (cache revalidated)
25 silly packumentCache full:https://registry.npmjs.org/react set size:6438906 disposed:false
26 silly fetch manifest react-dom@19.2.3
27 silly packumentCache full:https://registry.npmjs.org/react-dom cache-miss
28 http fetch GET 200 https://registry.npmjs.org/react-dom 48ms (cache revalidated)
29 silly packumentCache full:https://registry.npmjs.org/react-dom set size:8506047 disposed:false
30 silly placeDep ROOT react-calendar@6.0.0 OK for: church-asset@0.1.0 want: *
31 silly fetch manifest @wojtekmaj/date-utils@^2.0.2
32 silly packumentCache full:https://registry.npmjs.org/@wojtekmaj%2fdate-utils cache-miss
33 silly fetch manifest clsx@^2.0.0
34 silly packumentCache full:https://registry.npmjs.org/clsx cache-miss
35 silly fetch manifest get-user-locale@^3.0.0
36 silly packumentCache full:https://registry.npmjs.org/get-user-locale cache-miss
37 silly fetch manifest warning@^4.0.0
38 silly packumentCache full:https://registry.npmjs.org/warning cache-miss
39 http fetch GET 200 https://registry.npmjs.org/@wojtekmaj%2fdate-utils 44ms (cache miss)
40 silly packumentCache full:https://registry.npmjs.org/@wojtekmaj%2fdate-utils set size:undefined disposed:false
41 http fetch GET 200 https://registry.npmjs.org/warning 67ms (cache miss)
42 silly packumentCache full:https://registry.npmjs.org/warning set size:undefined disposed:false
43 http fetch GET 200 https://registry.npmjs.org/clsx 79ms (cache miss)
44 silly packumentCache full:https://registry.npmjs.org/clsx set size:undefined disposed:false
45 http fetch GET 200 https://registry.npmjs.org/get-user-locale 93ms (cache miss)
46 silly packumentCache full:https://registry.npmjs.org/get-user-locale set size:undefined disposed:false
47 silly placeDep ROOT @wojtekmaj/date-utils@2.0.2 OK for: react-calendar@6.0.0 want: ^2.0.2
48 silly placeDep ROOT clsx@2.1.1 OK for: react-calendar@6.0.0 want: ^2.0.0
49 silly placeDep ROOT get-user-locale@3.0.0 OK for: react-calendar@6.0.0 want: ^3.0.0
50 silly placeDep ROOT warning@4.0.3 OK for: react-calendar@6.0.0 want: ^4.0.0
51 silly fetch manifest memoize@^10.0.0
52 silly packumentCache full:https://registry.npmjs.org/memoize cache-miss
53 http fetch GET 200 https://registry.npmjs.org/memoize 27ms (cache miss)
54 silly packumentCache full:https://registry.npmjs.org/memoize set size:undefined disposed:false
55 silly placeDep ROOT memoize@10.2.0 OK for: get-user-locale@3.0.0 want: ^10.0.0
56 silly fetch manifest mimic-function@^5.0.1
57 silly packumentCache full:https://registry.npmjs.org/mimic-function cache-miss
58 http fetch GET 200 https://registry.npmjs.org/mimic-function 31ms (cache miss)
59 silly packumentCache full:https://registry.npmjs.org/mimic-function set size:undefined disposed:false
60 silly placeDep ROOT mimic-function@5.0.1 OK for: memoize@10.2.0 want: ^5.0.1
61 silly reify moves {}
62 silly audit bulk request {
62 silly audit   '@alloc/quick-lru': [ '5.2.0' ],
62 silly audit   '@babel/code-frame': [ '7.29.0' ],
62 silly audit   '@babel/compat-data': [ '7.29.0' ],
62 silly audit   '@babel/core': [ '7.29.0' ],
62 silly audit   '@babel/generator': [ '7.29.0' ],
62 silly audit   '@babel/helper-compilation-targets': [ '7.28.6' ],
62 silly audit   '@babel/helper-globals': [ '7.28.0' ],
62 silly audit   '@babel/helper-module-imports': [ '7.28.6' ],
62 silly audit   '@babel/helper-module-transforms': [ '7.28.6' ],
62 silly audit   '@babel/helper-string-parser': [ '7.27.1' ],
62 silly audit   '@babel/helper-validator-identifier': [ '7.28.5' ],
62 silly audit   '@babel/helper-validator-option': [ '7.27.1' ],
62 silly audit   '@babel/helpers': [ '7.28.6' ],
62 silly audit   '@babel/parser': [ '7.29.0' ],
62 silly audit   '@babel/template': [ '7.28.6' ],
62 silly audit   '@babel/traverse': [ '7.29.0' ],
62 silly audit   '@babel/types': [ '7.29.0' ],
62 silly audit   '@emnapi/core': [ '1.8.1' ],
62 silly audit   '@emnapi/runtime': [ '1.8.1' ],
62 silly audit   '@emnapi/wasi-threads': [ '1.1.0' ],
62 silly audit   '@eslint-community/eslint-utils': [ '4.9.1' ],
62 silly audit   'eslint-visitor-keys': [ '3.4.3', '4.2.1' ],
62 silly audit   '@eslint-community/regexpp': [ '4.12.2' ],
62 silly audit   '@eslint/config-array': [ '0.21.1' ],
62 silly audit   '@eslint/config-helpers': [ '0.4.2' ],
62 silly audit   '@eslint/core': [ '0.17.0' ],
62 silly audit   '@eslint/eslintrc': [ '3.3.3' ],
62 silly audit   '@eslint/js': [ '9.39.2' ],
62 silly audit   '@eslint/object-schema': [ '2.1.7' ],
62 silly audit   '@eslint/plugin-kit': [ '0.4.1' ],
62 silly audit   '@humanfs/core': [ '0.19.1' ],
62 silly audit   '@humanfs/node': [ '0.16.7' ],
62 silly audit   '@humanwhocodes/module-importer': [ '1.0.1' ],
62 silly audit   '@humanwhocodes/retry': [ '0.4.3' ],
62 silly audit   '@img/colour': [ '1.0.0' ],
62 silly audit   '@img/sharp-darwin-arm64': [ '0.34.5' ],
62 silly audit   '@img/sharp-darwin-x64': [ '0.34.5' ],
62 silly audit   '@img/sharp-libvips-darwin-arm64': [ '1.2.4' ],
62 silly audit   '@img/sharp-libvips-darwin-x64': [ '1.2.4' ],
62 silly audit   '@img/sharp-libvips-linux-arm': [ '1.2.4' ],
62 silly audit   '@img/sharp-libvips-linux-arm64': [ '1.2.4' ],
62 silly audit   '@img/sharp-libvips-linux-ppc64': [ '1.2.4' ],
62 silly audit   '@img/sharp-libvips-linux-riscv64': [ '1.2.4' ],
62 silly audit   '@img/sharp-libvips-linux-s390x': [ '1.2.4' ],
62 silly audit   '@img/sharp-libvips-linux-x64': [ '1.2.4' ],
62 silly audit   '@img/sharp-libvips-linuxmusl-arm64': [ '1.2.4' ],
62 silly audit   '@img/sharp-libvips-linuxmusl-x64': [ '1.2.4' ],
62 silly audit   '@img/sharp-linux-arm': [ '0.34.5' ],
62 silly audit   '@img/sharp-linux-arm64': [ '0.34.5' ],
62 silly audit   '@img/sharp-linux-ppc64': [ '0.34.5' ],
62 silly audit   '@img/sharp-linux-riscv64': [ '0.34.5' ],
62 silly audit   '@img/sharp-linux-s390x': [ '0.34.5' ],
62 silly audit   '@img/sharp-linux-x64': [ '0.34.5' ],
62 silly audit   '@img/sharp-linuxmusl-arm64': [ '0.34.5' ],
62 silly audit   '@img/sharp-linuxmusl-x64': [ '0.34.5' ],
62 silly audit   '@img/sharp-wasm32': [ '0.34.5' ],
62 silly audit   '@img/sharp-win32-arm64': [ '0.34.5' ],
62 silly audit   '@img/sharp-win32-ia32': [ '0.34.5' ],
62 silly audit   '@img/sharp-win32-x64': [ '0.34.5' ],
62 silly audit   '@jridgewell/gen-mapping': [ '0.3.13' ],
62 silly audit   '@jridgewell/remapping': [ '2.3.5' ],
62 silly audit   '@jridgewell/resolve-uri': [ '3.1.2' ],
62 silly audit   '@jridgewell/sourcemap-codec': [ '1.5.5' ],
62 silly audit   '@jridgewell/trace-mapping': [ '0.3.31' ],
62 silly audit   '@napi-rs/wasm-runtime': [ '0.2.12' ],
62 silly audit   '@next/env': [ '16.1.6' ],
62 silly audit   '@next/eslint-plugin-next': [ '16.1.6' ],
62 silly audit   '@next/swc-darwin-arm64': [ '16.1.6' ],
62 silly audit   '@next/swc-darwin-x64': [ '16.1.6' ],
62 silly audit   '@next/swc-linux-arm64-gnu': [ '16.1.6' ],
62 silly audit   '@next/swc-linux-arm64-musl': [ '16.1.6' ],
62 silly audit   '@next/swc-linux-x64-gnu': [ '16.1.6' ],
62 silly audit   '@next/swc-linux-x64-musl': [ '16.1.6' ],
62 silly audit   '@next/swc-win32-arm64-msvc': [ '16.1.6' ],
62 silly audit   '@next/swc-win32-x64-msvc': [ '16.1.6' ],
62 silly audit   '@nodelib/fs.scandir': [ '2.1.5' ],
62 silly audit   '@nodelib/fs.stat': [ '2.0.5' ],
62 silly audit   '@nodelib/fs.walk': [ '1.2.8' ],
62 silly audit   '@nolyfill/is-core-module': [ '1.0.39' ],
62 silly audit   '@rtsao/scc': [ '1.1.0' ],
62 silly audit   '@supabase/auth-js': [ '2.93.3' ],
62 silly audit   '@supabase/functions-js': [ '2.93.3' ],
62 silly audit   '@supabase/postgrest-js': [ '2.93.3' ],
62 silly audit   '@supabase/realtime-js': [ '2.93.3' ],
62 silly audit   '@supabase/storage-js': [ '2.93.3' ],
62 silly audit   '@supabase/supabase-js': [ '2.93.3' ],
62 silly audit   '@swc/helpers': [ '0.5.15' ],
62 silly audit   '@tailwindcss/node': [ '4.1.18' ],
62 silly audit   '@tailwindcss/oxide': [ '4.1.18' ],
62 silly audit   '@tailwindcss/oxide-android-arm64': [ '4.1.18' ],
62 silly audit   '@tailwindcss/oxide-darwin-arm64': [ '4.1.18' ],
62 silly audit   '@tailwindcss/oxide-darwin-x64': [ '4.1.18' ],
62 silly audit   '@tailwindcss/oxide-freebsd-x64': [ '4.1.18' ],
62 silly audit   '@tailwindcss/oxide-linux-arm-gnueabihf': [ '4.1.18' ],
62 silly audit   '@tailwindcss/oxide-linux-arm64-gnu': [ '4.1.18' ],
62 silly audit   '@tailwindcss/oxide-linux-arm64-musl': [ '4.1.18' ],
62 silly audit   '@tailwindcss/oxide-linux-x64-gnu': [ '4.1.18' ],
62 silly audit   '@tailwindcss/oxide-linux-x64-musl': [ '4.1.18' ],
62 silly audit   '@tailwindcss/oxide-wasm32-wasi': [ '4.1.18' ],
62 silly audit   '@tailwindcss/oxide-win32-arm64-msvc': [ '4.1.18' ],
62 silly audit   '@tailwindcss/oxide-win32-x64-msvc': [ '4.1.18' ],
62 silly audit   '@tailwindcss/postcss': [ '4.1.18' ],
62 silly audit   '@tybys/wasm-util': [ '0.10.1' ],
62 silly audit   '@types/estree': [ '1.0.8' ],
62 silly audit   '@types/json-schema': [ '7.0.15' ],
62 silly audit   '@types/json5': [ '0.0.29' ],
62 silly audit   '@types/node': [ '20.19.30' ],
62 silly audit   '@types/phoenix': [ '1.6.7' ],
62 silly audit   '@types/react': [ '19.2.10' ],
62 silly audit   '@types/react-dom': [ '19.2.3' ],
62 silly audit   '@types/ws': [ '8.18.1' ],
62 silly audit   '@typescript-eslint/eslint-plugin': [ '8.54.0' ],
62 silly audit   ignore: [ '7.0.5', '5.3.2' ],
62 silly audit   '@typescript-eslint/parser': [ '8.54.0' ],
62 silly audit   '@typescript-eslint/project-service': [ '8.54.0' ],
62 silly audit   '@typescript-eslint/scope-manager': [ '8.54.0' ],
62 silly audit   '@typescript-eslint/tsconfig-utils': [ '8.54.0' ],
62 silly audit   '@typescript-eslint/type-utils': [ '8.54.0' ],
62 silly audit   '@typescript-eslint/types': [ '8.54.0' ],
62 silly audit   '@typescript-eslint/typescript-estree': [ '8.54.0' ],
62 silly audit   'brace-expansion': [ '2.0.2', '1.1.12' ],
62 silly audit   minimatch: [ '9.0.5', '3.1.2' ],
62 silly audit   semver: [ '7.7.3', '6.3.1' ],
62 silly audit   '@typescript-eslint/utils': [ '8.54.0' ],
62 silly audit   '@typescript-eslint/visitor-keys': [ '8.54.0' ],
62 silly audit   '@unrs/resolver-binding-android-arm-eabi': [ '1.11.1' ],
62 silly audit   '@unrs/resolver-binding-android-arm64': [ '1.11.1' ],
62 silly audit   '@unrs/resolver-binding-darwin-arm64': [ '1.11.1' ],
62 silly audit   '@unrs/resolver-binding-darwin-x64': [ '1.11.1' ],
62 silly audit   '@unrs/resolver-binding-freebsd-x64': [ '1.11.1' ],
62 silly audit   '@unrs/resolver-binding-linux-arm-gnueabihf': [ '1.11.1' ],
62 silly audit   '@unrs/resolver-binding-linux-arm-musleabihf': [ '1.11.1' ],
62 silly audit   '@unrs/resolver-binding-linux-arm64-gnu': [ '1.11.1' ],
62 silly audit   '@unrs/resolver-binding-linux-arm64-musl': [ '1.11.1' ],
62 silly audit   '@unrs/resolver-binding-linux-ppc64-gnu': [ '1.11.1' ],
62 silly audit   '@unrs/resolver-binding-linux-riscv64-gnu': [ '1.11.1' ],
62 silly audit   '@unrs/resolver-binding-linux-riscv64-musl': [ '1.11.1' ],
62 silly audit   '@unrs/resolver-binding-linux-s390x-gnu': [ '1.11.1' ],
62 silly audit   '@unrs/resolver-binding-linux-x64-gnu': [ '1.11.1' ],
62 silly audit   '@unrs/resolver-binding-linux-x64-musl': [ '1.11.1' ],
62 silly audit   '@unrs/resolver-binding-wasm32-wasi': [ '1.11.1' ],
62 silly audit   '@unrs/resolver-binding-win32-arm64-msvc': [ '1.11.1' ],
62 silly audit   '@unrs/resolver-binding-win32-ia32-msvc': [ '1.11.1' ],
62 silly audit   '@unrs/resolver-binding-win32-x64-msvc': [ '1.11.1' ],
62 silly audit   acorn: [ '8.15.0' ],
62 silly audit   'acorn-jsx': [ '5.3.2' ],
62 silly audit   ajv: [ '6.12.6' ],
62 silly audit   'ansi-styles': [ '4.3.0' ],
62 silly audit   argparse: [ '2.0.1' ],
62 silly audit   'aria-query': [ '5.3.2' ],
62 silly audit   'array-buffer-byte-length': [ '1.0.2' ],
62 silly audit   'array-includes': [ '3.1.9' ],
62 silly audit   'array.prototype.findlast': [ '1.2.5' ],
62 silly audit   'array.prototype.findlastindex': [ '1.2.6' ],
62 silly audit   'array.prototype.flat': [ '1.3.3' ],
62 silly audit   'array.prototype.flatmap': [ '1.3.3' ],
62 silly audit   'array.prototype.tosorted': [ '1.1.4' ],
62 silly audit   'arraybuffer.prototype.slice': [ '1.0.4' ],
62 silly audit   'ast-types-flow': [ '0.0.8' ],
62 silly audit   'async-function': [ '1.0.0' ],
62 silly audit   'available-typed-arrays': [ '1.0.7' ],
62 silly audit   'axe-core': [ '4.11.1' ],
62 silly audit   'axobject-query': [ '4.1.0' ],
62 silly audit   'balanced-match': [ '1.0.2' ],
62 silly audit   'baseline-browser-mapping': [ '2.9.19' ],
62 silly audit   braces: [ '3.0.3' ],
62 silly audit   browserslist: [ '4.28.1' ],
62 silly audit   'call-bind': [ '1.0.8' ],
62 silly audit   'call-bind-apply-helpers': [ '1.0.2' ],
62 silly audit   'call-bound': [ '1.0.4' ],
62 silly audit   callsites: [ '3.1.0' ],
62 silly audit   'caniuse-lite': [ '1.0.30001767' ],
62 silly audit   chalk: [ '4.1.2' ],
62 silly audit   'client-only': [ '0.0.1' ],
62 silly audit   'color-convert': [ '2.0.1' ],
62 silly audit   'color-name': [ '1.1.4' ],
62 silly audit   'concat-map': [ '0.0.1' ],
62 silly audit   'convert-source-map': [ '2.0.0' ],
62 silly audit   'cross-spawn': [ '7.0.6' ],
62 silly audit   csstype: [ '3.2.3' ],
62 silly audit   'damerau-levenshtein': [ '1.0.8' ],
62 silly audit   'data-view-buffer': [ '1.0.2' ],
62 silly audit   'data-view-byte-length': [ '1.0.2' ],
62 silly audit   'data-view-byte-offset': [ '1.0.1' ],
62 silly audit   debug: [ '4.4.3', '3.2.7' ],
62 silly audit   'deep-is': [ '0.1.4' ],
62 silly audit   'define-data-property': [ '1.1.4' ],
62 silly audit   'define-properties': [ '1.2.1' ],
62 silly audit   'detect-libc': [ '2.1.2' ],
62 silly audit   doctrine: [ '2.1.0' ],
62 silly audit   'dunder-proto': [ '1.0.1' ],
62 silly audit   'electron-to-chromium': [ '1.5.283' ],
62 silly audit   'emoji-regex': [ '9.2.2' ],
62 silly audit   'enhanced-resolve': [ '5.18.4' ],
62 silly audit   'es-abstract': [ '1.24.1' ],
62 silly audit   'es-define-property': [ '1.0.1' ],
62 silly audit   'es-errors': [ '1.3.0' ],
62 silly audit   'es-iterator-helpers': [ '1.2.2' ],
62 silly audit   'es-object-atoms': [ '1.1.1' ],
62 silly audit   'es-set-tostringtag': [ '2.1.0' ],
62 silly audit   'es-shim-unscopables': [ '1.1.0' ],
62 silly audit   'es-to-primitive': [ '1.3.0' ],
62 silly audit   escalade: [ '3.2.0' ],
62 silly audit   'escape-string-regexp': [ '4.0.0' ],
62 silly audit   eslint: [ '9.39.2' ],
62 silly audit   'eslint-config-next': [ '16.1.6' ],
62 silly audit   globals: [ '16.4.0', '14.0.0' ],
62 silly audit   'eslint-import-resolver-node': [ '0.3.9' ],
62 silly audit   'eslint-import-resolver-typescript': [ '3.10.1' ],
62 silly audit   'eslint-module-utils': [ '2.12.1' ],
62 silly audit   'eslint-plugin-import': [ '2.32.0' ],
62 silly audit   'eslint-plugin-jsx-a11y': [ '6.10.2' ],
62 silly audit   'eslint-plugin-react': [ '7.37.5' ],
62 silly audit   'eslint-plugin-react-hooks': [ '7.0.1' ],
62 silly audit   resolve: [ '2.0.0-next.5', '1.22.11' ],
62 silly audit   'eslint-scope': [ '8.4.0' ],
62 silly audit   espree: [ '10.4.0' ],
62 silly audit   esquery: [ '1.7.0' ],
62 silly audit   esrecurse: [ '4.3.0' ],
62 silly audit   estraverse: [ '5.3.0' ],
62 silly audit   esutils: [ '2.0.3' ],
62 silly audit   'fast-deep-equal': [ '3.1.3' ],
62 silly audit   'fast-glob': [ '3.3.1' ],
62 silly audit   'glob-parent': [ '5.1.2', '6.0.2' ],
62 silly audit   'fast-json-stable-stringify': [ '2.1.0' ],
62 silly audit   'fast-levenshtein': [ '2.0.6' ],
62 silly audit   fastq: [ '1.20.1' ],
62 silly audit   'file-entry-cache': [ '8.0.0' ],
62 silly audit   'fill-range': [ '7.1.1' ],
62 silly audit   'find-up': [ '5.0.0' ],
62 silly audit   'flat-cache': [ '4.0.1' ],
62 silly audit   flatted: [ '3.3.3' ],
62 silly audit   'for-each': [ '0.3.5' ],
62 silly audit   'function-bind': [ '1.1.2' ],
62 silly audit   'function.prototype.name': [ '1.1.8' ],
62 silly audit   'functions-have-names': [ '1.2.3' ],
62 silly audit   'generator-function': [ '2.0.1' ],
62 silly audit   gensync: [ '1.0.0-beta.2' ],
62 silly audit   'get-intrinsic': [ '1.3.0' ],
62 silly audit   'get-proto': [ '1.0.1' ],
62 silly audit   'get-symbol-description': [ '1.1.0' ],
62 silly audit   'get-tsconfig': [ '4.13.1' ],
62 silly audit   globalthis: [ '1.0.4' ],
62 silly audit   gopd: [ '1.2.0' ],
62 silly audit   'graceful-fs': [ '4.2.11' ],
62 silly audit   'has-bigints': [ '1.1.0' ],
62 silly audit   'has-flag': [ '4.0.0' ],
62 silly audit   'has-property-descriptors': [ '1.0.2' ],
62 silly audit   'has-proto': [ '1.2.0' ],
62 silly audit   'has-symbols': [ '1.1.0' ],
62 silly audit   'has-tostringtag': [ '1.0.2' ],
62 silly audit   hasown: [ '2.0.2' ],
62 silly audit   'hermes-estree': [ '0.25.1' ],
62 silly audit   'hermes-parser': [ '0.25.1' ],
62 silly audit   'iceberg-js': [ '0.8.1' ],
62 silly audit   'import-fresh': [ '3.3.1' ],
62 silly audit   imurmurhash: [ '0.1.4' ],
62 silly audit   'internal-slot': [ '1.1.0' ],
62 silly audit   'is-array-buffer': [ '3.0.5' ],
62 silly audit   'is-async-function': [ '2.1.1' ],
62 silly audit   'is-bigint': [ '1.1.0' ],
62 silly audit   'is-boolean-object': [ '1.2.2' ],
62 silly audit   'is-bun-module': [ '2.0.0' ],
62 silly audit   'is-callable': [ '1.2.7' ],
62 silly audit   'is-core-module': [ '2.16.1' ],
62 silly audit   'is-data-view': [ '1.0.2' ],
62 silly audit   'is-date-object': [ '1.1.0' ],
62 silly audit   'is-extglob': [ '2.1.1' ],
62 silly audit   'is-finalizationregistry': [ '1.1.1' ],
62 silly audit   'is-generator-function': [ '1.1.2' ],
62 silly audit   'is-glob': [ '4.0.3' ],
62 silly audit   'is-map': [ '2.0.3' ],
62 silly audit   'is-negative-zero': [ '2.0.3' ],
62 silly audit   'is-number': [ '7.0.0' ],
62 silly audit   'is-number-object': [ '1.1.1' ],
62 silly audit   'is-regex': [ '1.2.1' ],
62 silly audit   'is-set': [ '2.0.3' ],
62 silly audit   'is-shared-array-buffer': [ '1.0.4' ],
62 silly audit   'is-string': [ '1.1.1' ],
62 silly audit   'is-symbol': [ '1.1.1' ],
62 silly audit   'is-typed-array': [ '1.1.15' ],
62 silly audit   'is-weakmap': [ '2.0.2' ],
62 silly audit   'is-weakref': [ '1.1.1' ],
62 silly audit   'is-weakset': [ '2.0.4' ],
62 silly audit   isarray: [ '2.0.5' ],
62 silly audit   isexe: [ '2.0.0' ],
62 silly audit   'iterator.prototype': [ '1.1.5' ],
62 silly audit   jiti: [ '2.6.1' ],
62 silly audit   'js-tokens': [ '4.0.0' ],
62 silly audit   'js-yaml': [ '4.1.1' ],
62 silly audit   jsesc: [ '3.1.0' ],
62 silly audit   'json-buffer': [ '3.0.1' ],
62 silly audit   'json-schema-traverse': [ '0.4.1' ],
62 silly audit   'json-stable-stringify-without-jsonify': [ '1.0.1' ],
62 silly audit   json5: [ '2.2.3', '1.0.2' ],
62 silly audit   'jsx-ast-utils': [ '3.3.5' ],
62 silly audit   keyv: [ '4.5.4' ],
62 silly audit   'language-subtag-registry': [ '0.3.23' ],
62 silly audit   'language-tags': [ '1.0.9' ],
62 silly audit   levn: [ '0.4.1' ],
62 silly audit   lightningcss: [ '1.30.2' ],
62 silly audit   'lightningcss-android-arm64': [ '1.30.2' ],
62 silly audit   'lightningcss-darwin-arm64': [ '1.30.2' ],
62 silly audit   'lightningcss-darwin-x64': [ '1.30.2' ],
62 silly audit   'lightningcss-freebsd-x64': [ '1.30.2' ],
62 silly audit   'lightningcss-linux-arm-gnueabihf': [ '1.30.2' ],
62 silly audit   'lightningcss-linux-arm64-gnu': [ '1.30.2' ],
62 silly audit   'lightningcss-linux-arm64-musl': [ '1.30.2' ],
62 silly audit   'lightningcss-linux-x64-gnu': [ '1.30.2' ],
62 silly audit   'lightningcss-linux-x64-musl': [ '1.30.2' ],
62 silly audit   'lightningcss-win32-arm64-msvc': [ '1.30.2' ],
62 silly audit   'lightningcss-win32-x64-msvc': [ '1.30.2' ],
62 silly audit   'locate-path': [ '6.0.0' ],
62 silly audit   'lodash.merge': [ '4.6.2' ],
62 silly audit   'loose-envify': [ '1.4.0' ],
62 silly audit   'lru-cache': [ '5.1.1' ],
62 silly audit   'magic-string': [ '0.30.21' ],
62 silly audit   'math-intrinsics': [ '1.1.0' ],
62 silly audit   merge2: [ '1.4.1' ],
62 silly audit   micromatch: [ '4.0.8' ],
62 silly audit   minimist: [ '1.2.8' ],
62 silly audit   ms: [ '2.1.3' ],
62 silly audit   nanoid: [ '3.3.11' ],
62 silly audit   'napi-postinstall': [ '0.3.4' ],
62 silly audit   'natural-compare': [ '1.4.0' ],
62 silly audit   next: [ '16.1.6' ],
62 silly audit   postcss: [ '8.4.31', '8.5.6' ],
62 silly audit   'node-releases': [ '2.0.27' ],
62 silly audit   'object-assign': [ '4.1.1' ],
62 silly audit   'object-inspect': [ '1.13.4' ],
62 silly audit   'object-keys': [ '1.1.1' ],
62 silly audit   'object.assign': [ '4.1.7' ],
62 silly audit   'object.entries': [ '1.1.9' ],
62 silly audit   'object.fromentries': [ '2.0.8' ],
62 silly audit   'object.groupby': [ '1.0.3' ],
62 silly audit   'object.values': [ '1.2.1' ],
62 silly audit   optionator: [ '0.9.4' ],
62 silly audit   'own-keys': [ '1.0.1' ],
62 silly audit   'p-limit': [ '3.1.0' ],
62 silly audit   'p-locate': [ '5.0.0' ],
62 silly audit   'parent-module': [ '1.0.1' ],
62 silly audit   'path-exists': [ '4.0.0' ],
62 silly audit   'path-key': [ '3.1.1' ],
62 silly audit   'path-parse': [ '1.0.7' ],
62 silly audit   picocolors: [ '1.1.1' ],
62 silly audit   picomatch: [ '2.3.1', '4.0.3' ],
62 silly audit   'possible-typed-array-names': [ '1.1.0' ],
62 silly audit   'prelude-ls': [ '1.2.1' ],
62 silly audit   'prop-types': [ '15.8.1' ],
62 silly audit   punycode: [ '2.3.1' ],
62 silly audit   'queue-microtask': [ '1.2.3' ],
62 silly audit   react: [ '19.2.3' ],
62 silly audit   'react-dom': [ '19.2.3' ],
62 silly audit   'react-is': [ '16.13.1' ],
62 silly audit   'reflect.getprototypeof': [ '1.0.10' ],
62 silly audit   'regexp.prototype.flags': [ '1.5.4' ],
62 silly audit   'resolve-from': [ '4.0.0' ],
62 silly audit   'resolve-pkg-maps': [ '1.0.0' ],
62 silly audit   reusify: [ '1.1.0' ],
62 silly audit   'run-parallel': [ '1.2.0' ],
62 silly audit   'safe-array-concat': [ '1.1.3' ],
62 silly audit   'safe-push-apply': [ '1.0.0' ],
62 silly audit   'safe-regex-test': [ '1.1.0' ],
62 silly audit   scheduler: [ '0.27.0' ],
62 silly audit   'set-function-length': [ '1.2.2' ],
62 silly audit   'set-function-name': [ '2.0.2' ],
62 silly audit   'set-proto': [ '1.0.0' ],
62 silly audit   sharp: [ '0.34.5' ],
62 silly audit   'shebang-command': [ '2.0.0' ],
62 silly audit   'shebang-regex': [ '3.0.0' ],
62 silly audit   'side-channel': [ '1.1.0' ],
62 silly audit   'side-channel-list': [ '1.0.0' ],
62 silly audit   'side-channel-map': [ '1.0.1' ],
62 silly audit   'side-channel-weakmap': [ '1.0.2' ],
62 silly audit   'source-map-js': [ '1.2.1' ],
62 silly audit   'stable-hash': [ '0.0.5' ],
62 silly audit   'stop-iteration-iterator': [ '1.1.0' ],
62 silly audit   'string.prototype.includes': [ '2.0.1' ],
62 silly audit   'string.prototype.matchall': [ '4.0.12' ],
62 silly audit   'string.prototype.repeat': [ '1.0.0' ],
62 silly audit   'string.prototype.trim': [ '1.2.10' ],
62 silly audit   'string.prototype.trimend': [ '1.0.9' ],
62 silly audit   'string.prototype.trimstart': [ '1.0.8' ],
62 silly audit   'strip-bom': [ '3.0.0' ],
62 silly audit   'strip-json-comments': [ '3.1.1' ],
62 silly audit   'styled-jsx': [ '5.1.6' ],
62 silly audit   'supports-color': [ '7.2.0' ],
62 silly audit   'supports-preserve-symlinks-flag': [ '1.0.0' ],
62 silly audit   tailwindcss: [ '4.1.18' ],
62 silly audit   tapable: [ '2.3.0' ],
62 silly audit   tinyglobby: [ '0.2.15' ],
62 silly audit   fdir: [ '6.5.0' ],
62 silly audit   'to-regex-range': [ '5.0.1' ],
62 silly audit   'ts-api-utils': [ '2.4.0' ],
62 silly audit   'tsconfig-paths': [ '3.15.0' ],
62 silly audit   tslib: [ '2.8.1' ],
62 silly audit   'type-check': [ '0.4.0' ],
62 silly audit   'typed-array-buffer': [ '1.0.3' ],
62 silly audit   'typed-array-byte-length': [ '1.0.3' ],
62 silly audit   'typed-array-byte-offset': [ '1.0.4' ],
62 silly audit   'typed-array-length': [ '1.0.7' ],
62 silly audit   typescript: [ '5.9.3' ],
62 silly audit   'typescript-eslint': [ '8.54.0' ],
62 silly audit   'unbox-primitive': [ '1.1.0' ],
62 silly audit   'undici-types': [ '6.21.0' ],
62 silly audit   'unrs-resolver': [ '1.11.1' ],
62 silly audit   'update-browserslist-db': [ '1.2.3' ],
62 silly audit   'uri-js': [ '4.4.1' ],
62 silly audit   which: [ '2.0.2' ],
62 silly audit   'which-boxed-primitive': [ '1.1.1' ],
62 silly audit   'which-builtin-type': [ '1.2.1' ],
62 silly audit   'which-collection': [ '1.0.2' ],
62 silly audit   'which-typed-array': [ '1.1.20' ],
62 silly audit   'word-wrap': [ '1.2.5' ],
62 silly audit   ws: [ '8.19.0' ],
62 silly audit   yallist: [ '3.1.1' ],
62 silly audit   'yocto-queue': [ '0.1.0' ],
62 silly audit   zod: [ '4.3.6' ],
62 silly audit   'zod-validation-error': [ '4.0.2' ],
62 silly audit   'react-calendar': [ '6.0.0' ],
62 silly audit   '@wojtekmaj/date-utils': [ '2.0.2' ],
62 silly audit   clsx: [ '2.1.1' ],
62 silly audit   'get-user-locale': [ '3.0.0' ],
62 silly audit   warning: [ '4.0.3' ],
62 silly audit   memoize: [ '10.2.0' ],
62 silly audit   'mimic-function': [ '5.0.1' ]
62 silly audit }
63 http cache memoize@https://registry.npmjs.org/memoize/-/memoize-10.2.0.tgz 0ms (cache hit)
64 http cache mimic-function@https://registry.npmjs.org/mimic-function/-/mimic-function-5.0.1.tgz 0ms (cache hit)
65 http cache warning@https://registry.npmjs.org/warning/-/warning-4.0.3.tgz 0ms (cache hit)
66 http cache get-user-locale@https://registry.npmjs.org/get-user-locale/-/get-user-locale-3.0.0.tgz 0ms (cache hit)
67 http cache clsx@https://registry.npmjs.org/clsx/-/clsx-2.1.1.tgz 0ms (cache hit)
68 http cache react-calendar@https://registry.npmjs.org/react-calendar/-/react-calendar-6.0.0.tgz 0ms (cache hit)
69 http cache @wojtekmaj/date-utils@https://registry.npmjs.org/@wojtekmaj/date-utils/-/date-utils-2.0.2.tgz 0ms (cache hit)
70 silly tarball no local data for memoize@https://registry.npmjs.org/memoize/-/memoize-10.2.0.tgz. Extracting by manifest.
71 silly tarball no local data for mimic-function@https://registry.npmjs.org/mimic-function/-/mimic-function-5.0.1.tgz. Extracting by manifest.
72 silly tarball no local data for warning@https://registry.npmjs.org/warning/-/warning-4.0.3.tgz. Extracting by manifest.
73 silly tarball no local data for get-user-locale@https://registry.npmjs.org/get-user-locale/-/get-user-locale-3.0.0.tgz. Extracting by manifest.
74 silly tarball no local data for clsx@https://registry.npmjs.org/clsx/-/clsx-2.1.1.tgz. Extracting by manifest.
75 silly tarball no local data for react-calendar@https://registry.npmjs.org/react-calendar/-/react-calendar-6.0.0.tgz. Extracting by manifest.
76 silly tarball no local data for @wojtekmaj/date-utils@https://registry.npmjs.org/@wojtekmaj/date-utils/-/date-utils-2.0.2.tgz. Extracting by manifest.
77 http fetch GET 200 https://registry.npmjs.org/mimic-function/-/mimic-function-5.0.1.tgz 39ms (cache miss)
78 http fetch GET 200 https://registry.npmjs.org/warning/-/warning-4.0.3.tgz 39ms (cache miss)
79 http fetch GET 200 https://registry.npmjs.org/memoize/-/memoize-10.2.0.tgz 39ms (cache miss)
80 http fetch GET 200 https://registry.npmjs.org/get-user-locale/-/get-user-locale-3.0.0.tgz 68ms (cache miss)
81 http fetch GET 200 https://registry.npmjs.org/clsx/-/clsx-2.1.1.tgz 72ms (cache miss)
82 http fetch GET 200 https://registry.npmjs.org/react-calendar/-/react-calendar-6.0.0.tgz 96ms (cache miss)
83 http fetch GET 200 https://registry.npmjs.org/@wojtekmaj/date-utils/-/date-utils-2.0.2.tgz 97ms (cache miss)
84 http fetch POST 200 https://registry.npmjs.org/-/npm/v1/security/advisories/bulk 165ms
85 silly audit report {}
86 silly ADD node_modules/mimic-function
87 silly ADD node_modules/memoize
88 silly ADD node_modules/warning
89 silly ADD node_modules/get-user-locale
90 silly ADD node_modules/clsx
91 silly ADD node_modules/@wojtekmaj/date-utils
92 silly ADD node_modules/react-calendar
93 verbose cwd /Users/psilvu/Dev/ChurchAsset
94 verbose os Darwin 25.2.0
95 verbose node v24.2.0
96 verbose npm  v11.3.0
97 verbose exit 0
98 info ok
