0 verbose cli /opt/homebrew/Cellar/node/24.2.0/bin/node /opt/homebrew/bin/npm
1 info using npm@11.3.0
2 info using node@v24.2.0
3 silly config load:file:/opt/homebrew/lib/node_modules/npm/npmrc
4 silly config load:file:/Users/psilvu/Dev/ChurchAsset/.npmrc
5 silly config load:file:/Users/psilvu/.npmrc
6 silly config load:file:/opt/homebrew/etc/npmrc
7 verbose title npm install @supabase/supabase-js
8 verbose argv "install" "@supabase/supabase-js"
9 verbose logfile logs-max:10 dir:/Users/psilvu/Dev/ChurchAsset/.npm/_logs/2026-02-02T07_22_36_584Z-
10 verbose logfile /Users/psilvu/Dev/ChurchAsset/.npm/_logs/2026-02-02T07_22_36_584Z-debug-0.log
11 silly logfile done cleaning log files
12 silly packumentCache heap:4496293888 maxSize:1124073472 maxEntrySize:562036736
13 silly idealTree buildDeps
14 silly fetch manifest @supabase/supabase-js@*
15 silly packumentCache full:https://registry.npmjs.org/@supabase%2fsupabase-js cache-miss
16 http fetch GET 200 https://registry.npmjs.org/@supabase%2fsupabase-js 210ms (cache miss)
17 silly packumentCache full:https://registry.npmjs.org/@supabase%2fsupabase-js set size:undefined disposed:false
18 silly placeDep ROOT @supabase/supabase-js@2.93.3 OK for: church-asset@0.1.0 want: *
19 silly fetch manifest @supabase/auth-js@2.93.3
20 silly packumentCache full:https://registry.npmjs.org/@supabase%2fauth-js cache-miss
21 silly fetch manifest @supabase/storage-js@2.93.3
22 silly packumentCache full:https://registry.npmjs.org/@supabase%2fstorage-js cache-miss
23 silly fetch manifest @supabase/realtime-js@2.93.3
24 silly packumentCache full:https://registry.npmjs.org/@supabase%2frealtime-js cache-miss
25 silly fetch manifest @supabase/functions-js@2.93.3
26 silly packumentCache full:https://registry.npmjs.org/@supabase%2ffunctions-js cache-miss
27 silly fetch manifest @supabase/postgrest-js@2.93.3
28 silly packumentCache full:https://registry.npmjs.org/@supabase%2fpostgrest-js cache-miss
29 http fetch GET 200 https://registry.npmjs.org/@supabase%2fauth-js 54ms (cache miss)
30 silly packumentCache full:https://registry.npmjs.org/@supabase%2fauth-js set size:undefined disposed:false
31 http fetch GET 200 https://registry.npmjs.org/@supabase%2ffunctions-js 100ms (cache miss)
32 silly packumentCache full:https://registry.npmjs.org/@supabase%2ffunctions-js set size:undefined disposed:false
33 http fetch GET 200 https://registry.npmjs.org/@supabase%2fstorage-js 135ms (cache miss)
34 silly packumentCache full:https://registry.npmjs.org/@supabase%2fstorage-js set size:undefined disposed:false
35 http fetch GET 200 https://registry.npmjs.org/@supabase%2frealtime-js 151ms (cache miss)
36 silly packumentCache full:https://registry.npmjs.org/@supabase%2frealtime-js set size:undefined disposed:false
37 http fetch GET 200 https://registry.npmjs.org/@supabase%2fpostgrest-js 155ms (cache miss)
38 silly packumentCache full:https://registry.npmjs.org/@supabase%2fpostgrest-js set size:undefined disposed:false
39 silly placeDep ROOT @supabase/auth-js@2.93.3 OK for: @supabase/supabase-js@2.93.3 want: 2.93.3
40 silly placeDep ROOT @supabase/functions-js@2.93.3 OK for: @supabase/supabase-js@2.93.3 want: 2.93.3
41 silly placeDep ROOT @supabase/postgrest-js@2.93.3 OK for: @supabase/supabase-js@2.93.3 want: 2.93.3
42 silly placeDep ROOT @supabase/realtime-js@2.93.3 OK for: @supabase/supabase-js@2.93.3 want: 2.93.3
43 silly placeDep ROOT @supabase/storage-js@2.93.3 OK for: @supabase/supabase-js@2.93.3 want: 2.93.3
44 silly fetch manifest ws@^8.18.2
45 silly packumentCache full:https://registry.npmjs.org/ws cache-miss
46 silly fetch manifest @types/ws@^8.18.1
47 silly packumentCache full:https://registry.npmjs.org/@types%2fws cache-miss
48 silly fetch manifest @types/phoenix@^1.6.6
49 silly packumentCache full:https://registry.npmjs.org/@types%2fphoenix cache-miss
50 silly fetch manifest iceberg-js@^0.8.1
51 silly packumentCache full:https://registry.npmjs.org/iceberg-js cache-miss
52 http fetch GET 200 https://registry.npmjs.org/iceberg-js 34ms (cache miss)
53 silly packumentCache full:https://registry.npmjs.org/iceberg-js set size:undefined disposed:false
54 http fetch GET 200 https://registry.npmjs.org/ws 54ms (cache miss)
55 silly packumentCache full:https://registry.npmjs.org/ws set size:undefined disposed:false
56 http fetch GET 200 https://registry.npmjs.org/@types%2fphoenix 57ms (cache miss)
57 silly packumentCache full:https://registry.npmjs.org/@types%2fphoenix set size:undefined disposed:false
58 http fetch GET 200 https://registry.npmjs.org/@types%2fws 58ms (cache miss)
59 silly packumentCache full:https://registry.npmjs.org/@types%2fws set size:undefined disposed:false
60 silly fetch manifest bufferutil@^4.0.1
61 silly packumentCache full:https://registry.npmjs.org/bufferutil cache-miss
62 http fetch GET 200 https://registry.npmjs.org/bufferutil 34ms (cache miss)
63 silly packumentCache full:https://registry.npmjs.org/bufferutil set size:undefined disposed:false
64 silly fetch manifest utf-8-validate@>=5.0.2
65 silly packumentCache full:https://registry.npmjs.org/utf-8-validate cache-miss
66 http fetch GET 200 https://registry.npmjs.org/utf-8-validate 47ms (cache miss)
67 silly packumentCache full:https://registry.npmjs.org/utf-8-validate set size:undefined disposed:false
68 silly placeDep ROOT @types/phoenix@1.6.7 OK for: @supabase/realtime-js@2.93.3 want: ^1.6.6
69 silly placeDep ROOT @types/ws@8.18.1 OK for: @supabase/realtime-js@2.93.3 want: ^8.18.1
70 silly placeDep ROOT ws@8.19.0 OK for: @supabase/realtime-js@2.93.3 want: ^8.18.2
71 silly placeDep ROOT iceberg-js@0.8.1 OK for: @supabase/storage-js@2.93.3 want: ^0.8.1
72 silly reify moves {}
73 silly audit bulk request {
73 silly audit   '@alloc/quick-lru': [ '5.2.0' ],
73 silly audit   '@babel/code-frame': [ '7.29.0' ],
73 silly audit   '@babel/compat-data': [ '7.29.0' ],
73 silly audit   '@babel/core': [ '7.29.0' ],
73 silly audit   '@babel/generator': [ '7.29.0' ],
73 silly audit   '@babel/helper-compilation-targets': [ '7.28.6' ],
73 silly audit   '@babel/helper-globals': [ '7.28.0' ],
73 silly audit   '@babel/helper-module-imports': [ '7.28.6' ],
73 silly audit   '@babel/helper-module-transforms': [ '7.28.6' ],
73 silly audit   '@babel/helper-string-parser': [ '7.27.1' ],
73 silly audit   '@babel/helper-validator-identifier': [ '7.28.5' ],
73 silly audit   '@babel/helper-validator-option': [ '7.27.1' ],
73 silly audit   '@babel/helpers': [ '7.28.6' ],
73 silly audit   '@babel/parser': [ '7.29.0' ],
73 silly audit   '@babel/template': [ '7.28.6' ],
73 silly audit   '@babel/traverse': [ '7.29.0' ],
73 silly audit   '@babel/types': [ '7.29.0' ],
73 silly audit   '@emnapi/core': [ '1.8.1' ],
73 silly audit   '@emnapi/runtime': [ '1.8.1' ],
73 silly audit   '@emnapi/wasi-threads': [ '1.1.0' ],
73 silly audit   '@eslint-community/eslint-utils': [ '4.9.1' ],
73 silly audit   'eslint-visitor-keys': [ '3.4.3', '4.2.1' ],
73 silly audit   '@eslint-community/regexpp': [ '4.12.2' ],
73 silly audit   '@eslint/config-array': [ '0.21.1' ],
73 silly audit   '@eslint/config-helpers': [ '0.4.2' ],
73 silly audit   '@eslint/core': [ '0.17.0' ],
73 silly audit   '@eslint/eslintrc': [ '3.3.3' ],
73 silly audit   '@eslint/js': [ '9.39.2' ],
73 silly audit   '@eslint/object-schema': [ '2.1.7' ],
73 silly audit   '@eslint/plugin-kit': [ '0.4.1' ],
73 silly audit   '@humanfs/core': [ '0.19.1' ],
73 silly audit   '@humanfs/node': [ '0.16.7' ],
73 silly audit   '@humanwhocodes/module-importer': [ '1.0.1' ],
73 silly audit   '@humanwhocodes/retry': [ '0.4.3' ],
73 silly audit   '@img/colour': [ '1.0.0' ],
73 silly audit   '@img/sharp-darwin-arm64': [ '0.34.5' ],
73 silly audit   '@img/sharp-darwin-x64': [ '0.34.5' ],
73 silly audit   '@img/sharp-libvips-darwin-arm64': [ '1.2.4' ],
73 silly audit   '@img/sharp-libvips-darwin-x64': [ '1.2.4' ],
73 silly audit   '@img/sharp-libvips-linux-arm': [ '1.2.4' ],
73 silly audit   '@img/sharp-libvips-linux-arm64': [ '1.2.4' ],
73 silly audit   '@img/sharp-libvips-linux-ppc64': [ '1.2.4' ],
73 silly audit   '@img/sharp-libvips-linux-riscv64': [ '1.2.4' ],
73 silly audit   '@img/sharp-libvips-linux-s390x': [ '1.2.4' ],
73 silly audit   '@img/sharp-libvips-linux-x64': [ '1.2.4' ],
73 silly audit   '@img/sharp-libvips-linuxmusl-arm64': [ '1.2.4' ],
73 silly audit   '@img/sharp-libvips-linuxmusl-x64': [ '1.2.4' ],
73 silly audit   '@img/sharp-linux-arm': [ '0.34.5' ],
73 silly audit   '@img/sharp-linux-arm64': [ '0.34.5' ],
73 silly audit   '@img/sharp-linux-ppc64': [ '0.34.5' ],
73 silly audit   '@img/sharp-linux-riscv64': [ '0.34.5' ],
73 silly audit   '@img/sharp-linux-s390x': [ '0.34.5' ],
73 silly audit   '@img/sharp-linux-x64': [ '0.34.5' ],
73 silly audit   '@img/sharp-linuxmusl-arm64': [ '0.34.5' ],
73 silly audit   '@img/sharp-linuxmusl-x64': [ '0.34.5' ],
73 silly audit   '@img/sharp-wasm32': [ '0.34.5' ],
73 silly audit   '@img/sharp-win32-arm64': [ '0.34.5' ],
73 silly audit   '@img/sharp-win32-ia32': [ '0.34.5' ],
73 silly audit   '@img/sharp-win32-x64': [ '0.34.5' ],
73 silly audit   '@jridgewell/gen-mapping': [ '0.3.13' ],
73 silly audit   '@jridgewell/remapping': [ '2.3.5' ],
73 silly audit   '@jridgewell/resolve-uri': [ '3.1.2' ],
73 silly audit   '@jridgewell/sourcemap-codec': [ '1.5.5' ],
73 silly audit   '@jridgewell/trace-mapping': [ '0.3.31' ],
73 silly audit   '@napi-rs/wasm-runtime': [ '0.2.12' ],
73 silly audit   '@next/env': [ '16.1.6' ],
73 silly audit   '@next/eslint-plugin-next': [ '16.1.6' ],
73 silly audit   '@next/swc-darwin-arm64': [ '16.1.6' ],
73 silly audit   '@next/swc-darwin-x64': [ '16.1.6' ],
73 silly audit   '@next/swc-linux-arm64-gnu': [ '16.1.6' ],
73 silly audit   '@next/swc-linux-arm64-musl': [ '16.1.6' ],
73 silly audit   '@next/swc-linux-x64-gnu': [ '16.1.6' ],
73 silly audit   '@next/swc-linux-x64-musl': [ '16.1.6' ],
73 silly audit   '@next/swc-win32-arm64-msvc': [ '16.1.6' ],
73 silly audit   '@next/swc-win32-x64-msvc': [ '16.1.6' ],
73 silly audit   '@nodelib/fs.scandir': [ '2.1.5' ],
73 silly audit   '@nodelib/fs.stat': [ '2.0.5' ],
73 silly audit   '@nodelib/fs.walk': [ '1.2.8' ],
73 silly audit   '@nolyfill/is-core-module': [ '1.0.39' ],
73 silly audit   '@rtsao/scc': [ '1.1.0' ],
73 silly audit   '@swc/helpers': [ '0.5.15' ],
73 silly audit   '@tailwindcss/node': [ '4.1.18' ],
73 silly audit   '@tailwindcss/oxide': [ '4.1.18' ],
73 silly audit   '@tailwindcss/oxide-android-arm64': [ '4.1.18' ],
73 silly audit   '@tailwindcss/oxide-darwin-arm64': [ '4.1.18' ],
73 silly audit   '@tailwindcss/oxide-darwin-x64': [ '4.1.18' ],
73 silly audit   '@tailwindcss/oxide-freebsd-x64': [ '4.1.18' ],
73 silly audit   '@tailwindcss/oxide-linux-arm-gnueabihf': [ '4.1.18' ],
73 silly audit   '@tailwindcss/oxide-linux-arm64-gnu': [ '4.1.18' ],
73 silly audit   '@tailwindcss/oxide-linux-arm64-musl': [ '4.1.18' ],
73 silly audit   '@tailwindcss/oxide-linux-x64-gnu': [ '4.1.18' ],
73 silly audit   '@tailwindcss/oxide-linux-x64-musl': [ '4.1.18' ],
73 silly audit   '@tailwindcss/oxide-wasm32-wasi': [ '4.1.18' ],
73 silly audit   '@tailwindcss/oxide-win32-arm64-msvc': [ '4.1.18' ],
73 silly audit   '@tailwindcss/oxide-win32-x64-msvc': [ '4.1.18' ],
73 silly audit   '@tailwindcss/postcss': [ '4.1.18' ],
73 silly audit   '@tybys/wasm-util': [ '0.10.1' ],
73 silly audit   '@types/estree': [ '1.0.8' ],
73 silly audit   '@types/json-schema': [ '7.0.15' ],
73 silly audit   '@types/json5': [ '0.0.29' ],
73 silly audit   '@types/node': [ '20.19.30' ],
73 silly audit   '@types/react': [ '19.2.10' ],
73 silly audit   '@types/react-dom': [ '19.2.3' ],
73 silly audit   '@typescript-eslint/eslint-plugin': [ '8.54.0' ],
73 silly audit   ignore: [ '7.0.5', '5.3.2' ],
73 silly audit   '@typescript-eslint/parser': [ '8.54.0' ],
73 silly audit   '@typescript-eslint/project-service': [ '8.54.0' ],
73 silly audit   '@typescript-eslint/scope-manager': [ '8.54.0' ],
73 silly audit   '@typescript-eslint/tsconfig-utils': [ '8.54.0' ],
73 silly audit   '@typescript-eslint/type-utils': [ '8.54.0' ],
73 silly audit   '@typescript-eslint/types': [ '8.54.0' ],
73 silly audit   '@typescript-eslint/typescript-estree': [ '8.54.0' ],
73 silly audit   'brace-expansion': [ '2.0.2', '1.1.12' ],
73 silly audit   minimatch: [ '9.0.5', '3.1.2' ],
73 silly audit   semver: [ '7.7.3', '6.3.1' ],
73 silly audit   '@typescript-eslint/utils': [ '8.54.0' ],
73 silly audit   '@typescript-eslint/visitor-keys': [ '8.54.0' ],
73 silly audit   '@unrs/resolver-binding-android-arm-eabi': [ '1.11.1' ],
73 silly audit   '@unrs/resolver-binding-android-arm64': [ '1.11.1' ],
73 silly audit   '@unrs/resolver-binding-darwin-arm64': [ '1.11.1' ],
73 silly audit   '@unrs/resolver-binding-darwin-x64': [ '1.11.1' ],
73 silly audit   '@unrs/resolver-binding-freebsd-x64': [ '1.11.1' ],
73 silly audit   '@unrs/resolver-binding-linux-arm-gnueabihf': [ '1.11.1' ],
73 silly audit   '@unrs/resolver-binding-linux-arm-musleabihf': [ '1.11.1' ],
73 silly audit   '@unrs/resolver-binding-linux-arm64-gnu': [ '1.11.1' ],
73 silly audit   '@unrs/resolver-binding-linux-arm64-musl': [ '1.11.1' ],
73 silly audit   '@unrs/resolver-binding-linux-ppc64-gnu': [ '1.11.1' ],
73 silly audit   '@unrs/resolver-binding-linux-riscv64-gnu': [ '1.11.1' ],
73 silly audit   '@unrs/resolver-binding-linux-riscv64-musl': [ '1.11.1' ],
73 silly audit   '@unrs/resolver-binding-linux-s390x-gnu': [ '1.11.1' ],
73 silly audit   '@unrs/resolver-binding-linux-x64-gnu': [ '1.11.1' ],
73 silly audit   '@unrs/resolver-binding-linux-x64-musl': [ '1.11.1' ],
73 silly audit   '@unrs/resolver-binding-wasm32-wasi': [ '1.11.1' ],
73 silly audit   '@unrs/resolver-binding-win32-arm64-msvc': [ '1.11.1' ],
73 silly audit   '@unrs/resolver-binding-win32-ia32-msvc': [ '1.11.1' ],
73 silly audit   '@unrs/resolver-binding-win32-x64-msvc': [ '1.11.1' ],
73 silly audit   acorn: [ '8.15.0' ],
73 silly audit   'acorn-jsx': [ '5.3.2' ],
73 silly audit   ajv: [ '6.12.6' ],
73 silly audit   'ansi-styles': [ '4.3.0' ],
73 silly audit   argparse: [ '2.0.1' ],
73 silly audit   'aria-query': [ '5.3.2' ],
73 silly audit   'array-buffer-byte-length': [ '1.0.2' ],
73 silly audit   'array-includes': [ '3.1.9' ],
73 silly audit   'array.prototype.findlast': [ '1.2.5' ],
73 silly audit   'array.prototype.findlastindex': [ '1.2.6' ],
73 silly audit   'array.prototype.flat': [ '1.3.3' ],
73 silly audit   'array.prototype.flatmap': [ '1.3.3' ],
73 silly audit   'array.prototype.tosorted': [ '1.1.4' ],
73 silly audit   'arraybuffer.prototype.slice': [ '1.0.4' ],
73 silly audit   'ast-types-flow': [ '0.0.8' ],
73 silly audit   'async-function': [ '1.0.0' ],
73 silly audit   'available-typed-arrays': [ '1.0.7' ],
73 silly audit   'axe-core': [ '4.11.1' ],
73 silly audit   'axobject-query': [ '4.1.0' ],
73 silly audit   'balanced-match': [ '1.0.2' ],
73 silly audit   'baseline-browser-mapping': [ '2.9.19' ],
73 silly audit   braces: [ '3.0.3' ],
73 silly audit   browserslist: [ '4.28.1' ],
73 silly audit   'call-bind': [ '1.0.8' ],
73 silly audit   'call-bind-apply-helpers': [ '1.0.2' ],
73 silly audit   'call-bound': [ '1.0.4' ],
73 silly audit   callsites: [ '3.1.0' ],
73 silly audit   'caniuse-lite': [ '1.0.30001767' ],
73 silly audit   chalk: [ '4.1.2' ],
73 silly audit   'client-only': [ '0.0.1' ],
73 silly audit   'color-convert': [ '2.0.1' ],
73 silly audit   'color-name': [ '1.1.4' ],
73 silly audit   'concat-map': [ '0.0.1' ],
73 silly audit   'convert-source-map': [ '2.0.0' ],
73 silly audit   'cross-spawn': [ '7.0.6' ],
73 silly audit   csstype: [ '3.2.3' ],
73 silly audit   'damerau-levenshtein': [ '1.0.8' ],
73 silly audit   'data-view-buffer': [ '1.0.2' ],
73 silly audit   'data-view-byte-length': [ '1.0.2' ],
73 silly audit   'data-view-byte-offset': [ '1.0.1' ],
73 silly audit   debug: [ '4.4.3', '3.2.7' ],
73 silly audit   'deep-is': [ '0.1.4' ],
73 silly audit   'define-data-property': [ '1.1.4' ],
73 silly audit   'define-properties': [ '1.2.1' ],
73 silly audit   'detect-libc': [ '2.1.2' ],
73 silly audit   doctrine: [ '2.1.0' ],
73 silly audit   'dunder-proto': [ '1.0.1' ],
73 silly audit   'electron-to-chromium': [ '1.5.283' ],
73 silly audit   'emoji-regex': [ '9.2.2' ],
73 silly audit   'enhanced-resolve': [ '5.18.4' ],
73 silly audit   'es-abstract': [ '1.24.1' ],
73 silly audit   'es-define-property': [ '1.0.1' ],
73 silly audit   'es-errors': [ '1.3.0' ],
73 silly audit   'es-iterator-helpers': [ '1.2.2' ],
73 silly audit   'es-object-atoms': [ '1.1.1' ],
73 silly audit   'es-set-tostringtag': [ '2.1.0' ],
73 silly audit   'es-shim-unscopables': [ '1.1.0' ],
73 silly audit   'es-to-primitive': [ '1.3.0' ],
73 silly audit   escalade: [ '3.2.0' ],
73 silly audit   'escape-string-regexp': [ '4.0.0' ],
73 silly audit   eslint: [ '9.39.2' ],
73 silly audit   'eslint-config-next': [ '16.1.6' ],
73 silly audit   globals: [ '16.4.0', '14.0.0' ],
73 silly audit   'eslint-import-resolver-node': [ '0.3.9' ],
73 silly audit   'eslint-import-resolver-typescript': [ '3.10.1' ],
73 silly audit   'eslint-module-utils': [ '2.12.1' ],
73 silly audit   'eslint-plugin-import': [ '2.32.0' ],
73 silly audit   'eslint-plugin-jsx-a11y': [ '6.10.2' ],
73 silly audit   'eslint-plugin-react': [ '7.37.5' ],
73 silly audit   'eslint-plugin-react-hooks': [ '7.0.1' ],
73 silly audit   resolve: [ '2.0.0-next.5', '1.22.11' ],
73 silly audit   'eslint-scope': [ '8.4.0' ],
73 silly audit   espree: [ '10.4.0' ],
73 silly audit   esquery: [ '1.7.0' ],
73 silly audit   esrecurse: [ '4.3.0' ],
73 silly audit   estraverse: [ '5.3.0' ],
73 silly audit   esutils: [ '2.0.3' ],
73 silly audit   'fast-deep-equal': [ '3.1.3' ],
73 silly audit   'fast-glob': [ '3.3.1' ],
73 silly audit   'glob-parent': [ '5.1.2', '6.0.2' ],
73 silly audit   'fast-json-stable-stringify': [ '2.1.0' ],
73 silly audit   'fast-levenshtein': [ '2.0.6' ],
73 silly audit   fastq: [ '1.20.1' ],
73 silly audit   'file-entry-cache': [ '8.0.0' ],
73 silly audit   'fill-range': [ '7.1.1' ],
73 silly audit   'find-up': [ '5.0.0' ],
73 silly audit   'flat-cache': [ '4.0.1' ],
73 silly audit   flatted: [ '3.3.3' ],
73 silly audit   'for-each': [ '0.3.5' ],
73 silly audit   'function-bind': [ '1.1.2' ],
73 silly audit   'function.prototype.name': [ '1.1.8' ],
73 silly audit   'functions-have-names': [ '1.2.3' ],
73 silly audit   'generator-function': [ '2.0.1' ],
73 silly audit   gensync: [ '1.0.0-beta.2' ],
73 silly audit   'get-intrinsic': [ '1.3.0' ],
73 silly audit   'get-proto': [ '1.0.1' ],
73 silly audit   'get-symbol-description': [ '1.1.0' ],
73 silly audit   'get-tsconfig': [ '4.13.1' ],
73 silly audit   globalthis: [ '1.0.4' ],
73 silly audit   gopd: [ '1.2.0' ],
73 silly audit   'graceful-fs': [ '4.2.11' ],
73 silly audit   'has-bigints': [ '1.1.0' ],
73 silly audit   'has-flag': [ '4.0.0' ],
73 silly audit   'has-property-descriptors': [ '1.0.2' ],
73 silly audit   'has-proto': [ '1.2.0' ],
73 silly audit   'has-symbols': [ '1.1.0' ],
73 silly audit   'has-tostringtag': [ '1.0.2' ],
73 silly audit   hasown: [ '2.0.2' ],
73 silly audit   'hermes-estree': [ '0.25.1' ],
73 silly audit   'hermes-parser': [ '0.25.1' ],
73 silly audit   'import-fresh': [ '3.3.1' ],
73 silly audit   imurmurhash: [ '0.1.4' ],
73 silly audit   'internal-slot': [ '1.1.0' ],
73 silly audit   'is-array-buffer': [ '3.0.5' ],
73 silly audit   'is-async-function': [ '2.1.1' ],
73 silly audit   'is-bigint': [ '1.1.0' ],
73 silly audit   'is-boolean-object': [ '1.2.2' ],
73 silly audit   'is-bun-module': [ '2.0.0' ],
73 silly audit   'is-callable': [ '1.2.7' ],
73 silly audit   'is-core-module': [ '2.16.1' ],
73 silly audit   'is-data-view': [ '1.0.2' ],
73 silly audit   'is-date-object': [ '1.1.0' ],
73 silly audit   'is-extglob': [ '2.1.1' ],
73 silly audit   'is-finalizationregistry': [ '1.1.1' ],
73 silly audit   'is-generator-function': [ '1.1.2' ],
73 silly audit   'is-glob': [ '4.0.3' ],
73 silly audit   'is-map': [ '2.0.3' ],
73 silly audit   'is-negative-zero': [ '2.0.3' ],
73 silly audit   'is-number': [ '7.0.0' ],
73 silly audit   'is-number-object': [ '1.1.1' ],
73 silly audit   'is-regex': [ '1.2.1' ],
73 silly audit   'is-set': [ '2.0.3' ],
73 silly audit   'is-shared-array-buffer': [ '1.0.4' ],
73 silly audit   'is-string': [ '1.1.1' ],
73 silly audit   'is-symbol': [ '1.1.1' ],
73 silly audit   'is-typed-array': [ '1.1.15' ],
73 silly audit   'is-weakmap': [ '2.0.2' ],
73 silly audit   'is-weakref': [ '1.1.1' ],
73 silly audit   'is-weakset': [ '2.0.4' ],
73 silly audit   isarray: [ '2.0.5' ],
73 silly audit   isexe: [ '2.0.0' ],
73 silly audit   'iterator.prototype': [ '1.1.5' ],
73 silly audit   jiti: [ '2.6.1' ],
73 silly audit   'js-tokens': [ '4.0.0' ],
73 silly audit   'js-yaml': [ '4.1.1' ],
73 silly audit   jsesc: [ '3.1.0' ],
73 silly audit   'json-buffer': [ '3.0.1' ],
73 silly audit   'json-schema-traverse': [ '0.4.1' ],
73 silly audit   'json-stable-stringify-without-jsonify': [ '1.0.1' ],
73 silly audit   json5: [ '2.2.3', '1.0.2' ],
73 silly audit   'jsx-ast-utils': [ '3.3.5' ],
73 silly audit   keyv: [ '4.5.4' ],
73 silly audit   'language-subtag-registry': [ '0.3.23' ],
73 silly audit   'language-tags': [ '1.0.9' ],
73 silly audit   levn: [ '0.4.1' ],
73 silly audit   lightningcss: [ '1.30.2' ],
73 silly audit   'lightningcss-android-arm64': [ '1.30.2' ],
73 silly audit   'lightningcss-darwin-arm64': [ '1.30.2' ],
73 silly audit   'lightningcss-darwin-x64': [ '1.30.2' ],
73 silly audit   'lightningcss-freebsd-x64': [ '1.30.2' ],
73 silly audit   'lightningcss-linux-arm-gnueabihf': [ '1.30.2' ],
73 silly audit   'lightningcss-linux-arm64-gnu': [ '1.30.2' ],
73 silly audit   'lightningcss-linux-arm64-musl': [ '1.30.2' ],
73 silly audit   'lightningcss-linux-x64-gnu': [ '1.30.2' ],
73 silly audit   'lightningcss-linux-x64-musl': [ '1.30.2' ],
73 silly audit   'lightningcss-win32-arm64-msvc': [ '1.30.2' ],
73 silly audit   'lightningcss-win32-x64-msvc': [ '1.30.2' ],
73 silly audit   'locate-path': [ '6.0.0' ],
73 silly audit   'lodash.merge': [ '4.6.2' ],
73 silly audit   'loose-envify': [ '1.4.0' ],
73 silly audit   'lru-cache': [ '5.1.1' ],
73 silly audit   'magic-string': [ '0.30.21' ],
73 silly audit   'math-intrinsics': [ '1.1.0' ],
73 silly audit   merge2: [ '1.4.1' ],
73 silly audit   micromatch: [ '4.0.8' ],
73 silly audit   minimist: [ '1.2.8' ],
73 silly audit   ms: [ '2.1.3' ],
73 silly audit   nanoid: [ '3.3.11' ],
73 silly audit   'napi-postinstall': [ '0.3.4' ],
73 silly audit   'natural-compare': [ '1.4.0' ],
73 silly audit   next: [ '16.1.6' ],
73 silly audit   postcss: [ '8.4.31', '8.5.6' ],
73 silly audit   'node-releases': [ '2.0.27' ],
73 silly audit   'object-assign': [ '4.1.1' ],
73 silly audit   'object-inspect': [ '1.13.4' ],
73 silly audit   'object-keys': [ '1.1.1' ],
73 silly audit   'object.assign': [ '4.1.7' ],
73 silly audit   'object.entries': [ '1.1.9' ],
73 silly audit   'object.fromentries': [ '2.0.8' ],
73 silly audit   'object.groupby': [ '1.0.3' ],
73 silly audit   'object.values': [ '1.2.1' ],
73 silly audit   optionator: [ '0.9.4' ],
73 silly audit   'own-keys': [ '1.0.1' ],
73 silly audit   'p-limit': [ '3.1.0' ],
73 silly audit   'p-locate': [ '5.0.0' ],
73 silly audit   'parent-module': [ '1.0.1' ],
73 silly audit   'path-exists': [ '4.0.0' ],
73 silly audit   'path-key': [ '3.1.1' ],
73 silly audit   'path-parse': [ '1.0.7' ],
73 silly audit   picocolors: [ '1.1.1' ],
73 silly audit   picomatch: [ '2.3.1', '4.0.3' ],
73 silly audit   'possible-typed-array-names': [ '1.1.0' ],
73 silly audit   'prelude-ls': [ '1.2.1' ],
73 silly audit   'prop-types': [ '15.8.1' ],
73 silly audit   punycode: [ '2.3.1' ],
73 silly audit   'queue-microtask': [ '1.2.3' ],
73 silly audit   react: [ '19.2.3' ],
73 silly audit   'react-dom': [ '19.2.3' ],
73 silly audit   'react-is': [ '16.13.1' ],
73 silly audit   'reflect.getprototypeof': [ '1.0.10' ],
73 silly audit   'regexp.prototype.flags': [ '1.5.4' ],
73 silly audit   'resolve-from': [ '4.0.0' ],
73 silly audit   'resolve-pkg-maps': [ '1.0.0' ],
73 silly audit   reusify: [ '1.1.0' ],
73 silly audit   'run-parallel': [ '1.2.0' ],
73 silly audit   'safe-array-concat': [ '1.1.3' ],
73 silly audit   'safe-push-apply': [ '1.0.0' ],
73 silly audit   'safe-regex-test': [ '1.1.0' ],
73 silly audit   scheduler: [ '0.27.0' ],
73 silly audit   'set-function-length': [ '1.2.2' ],
73 silly audit   'set-function-name': [ '2.0.2' ],
73 silly audit   'set-proto': [ '1.0.0' ],
73 silly audit   sharp: [ '0.34.5' ],
73 silly audit   'shebang-command': [ '2.0.0' ],
73 silly audit   'shebang-regex': [ '3.0.0' ],
73 silly audit   'side-channel': [ '1.1.0' ],
73 silly audit   'side-channel-list': [ '1.0.0' ],
73 silly audit   'side-channel-map': [ '1.0.1' ],
73 silly audit   'side-channel-weakmap': [ '1.0.2' ],
73 silly audit   'source-map-js': [ '1.2.1' ],
73 silly audit   'stable-hash': [ '0.0.5' ],
73 silly audit   'stop-iteration-iterator': [ '1.1.0' ],
73 silly audit   'string.prototype.includes': [ '2.0.1' ],
73 silly audit   'string.prototype.matchall': [ '4.0.12' ],
73 silly audit   'string.prototype.repeat': [ '1.0.0' ],
73 silly audit   'string.prototype.trim': [ '1.2.10' ],
73 silly audit   'string.prototype.trimend': [ '1.0.9' ],
73 silly audit   'string.prototype.trimstart': [ '1.0.8' ],
73 silly audit   'strip-bom': [ '3.0.0' ],
73 silly audit   'strip-json-comments': [ '3.1.1' ],
73 silly audit   'styled-jsx': [ '5.1.6' ],
73 silly audit   'supports-color': [ '7.2.0' ],
73 silly audit   'supports-preserve-symlinks-flag': [ '1.0.0' ],
73 silly audit   tailwindcss: [ '4.1.18' ],
73 silly audit   tapable: [ '2.3.0' ],
73 silly audit   tinyglobby: [ '0.2.15' ],
73 silly audit   fdir: [ '6.5.0' ],
73 silly audit   'to-regex-range': [ '5.0.1' ],
73 silly audit   'ts-api-utils': [ '2.4.0' ],
73 silly audit   'tsconfig-paths': [ '3.15.0' ],
73 silly audit   tslib: [ '2.8.1' ],
73 silly audit   'type-check': [ '0.4.0' ],
73 silly audit   'typed-array-buffer': [ '1.0.3' ],
73 silly audit   'typed-array-byte-length': [ '1.0.3' ],
73 silly audit   'typed-array-byte-offset': [ '1.0.4' ],
73 silly audit   'typed-array-length': [ '1.0.7' ],
73 silly audit   typescript: [ '5.9.3' ],
73 silly audit   'typescript-eslint': [ '8.54.0' ],
73 silly audit   'unbox-primitive': [ '1.1.0' ],
73 silly audit   'undici-types': [ '6.21.0' ],
73 silly audit   'unrs-resolver': [ '1.11.1' ],
73 silly audit   'update-browserslist-db': [ '1.2.3' ],
73 silly audit   'uri-js': [ '4.4.1' ],
73 silly audit   which: [ '2.0.2' ],
73 silly audit   'which-boxed-primitive': [ '1.1.1' ],
73 silly audit   'which-builtin-type': [ '1.2.1' ],
73 silly audit   'which-collection': [ '1.0.2' ],
73 silly audit   'which-typed-array': [ '1.1.20' ],
73 silly audit   'word-wrap': [ '1.2.5' ],
73 silly audit   yallist: [ '3.1.1' ],
73 silly audit   'yocto-queue': [ '0.1.0' ],
73 silly audit   zod: [ '4.3.6' ],
73 silly audit   'zod-validation-error': [ '4.0.2' ],
73 silly audit   '@supabase/supabase-js': [ '2.93.3' ],
73 silly audit   '@supabase/auth-js': [ '2.93.3' ],
73 silly audit   '@supabase/functions-js': [ '2.93.3' ],
73 silly audit   '@supabase/postgrest-js': [ '2.93.3' ],
73 silly audit   '@supabase/realtime-js': [ '2.93.3' ],
73 silly audit   '@supabase/storage-js': [ '2.93.3' ],
73 silly audit   '@types/phoenix': [ '1.6.7' ],
73 silly audit   '@types/ws': [ '8.18.1' ],
73 silly audit   ws: [ '8.19.0' ],
73 silly audit   'iceberg-js': [ '0.8.1' ]
73 silly audit }
74 http cache ws@https://registry.npmjs.org/ws/-/ws-8.19.0.tgz 0ms (cache hit)
75 http cache iceberg-js@https://registry.npmjs.org/iceberg-js/-/iceberg-js-0.8.1.tgz 0ms (cache hit)
76 http cache @types/phoenix@https://registry.npmjs.org/@types/phoenix/-/phoenix-1.6.7.tgz 0ms (cache hit)
77 http cache @types/ws@https://registry.npmjs.org/@types/ws/-/ws-8.18.1.tgz 0ms (cache hit)
78 http cache @supabase/realtime-js@https://registry.npmjs.org/@supabase/realtime-js/-/realtime-js-2.93.3.tgz 0ms (cache hit)
79 http cache @supabase/supabase-js@https://registry.npmjs.org/@supabase/supabase-js/-/supabase-js-2.93.3.tgz 0ms (cache hit)
80 http cache @supabase/storage-js@https://registry.npmjs.org/@supabase/storage-js/-/storage-js-2.93.3.tgz 0ms (cache hit)
81 http cache @supabase/postgrest-js@https://registry.npmjs.org/@supabase/postgrest-js/-/postgrest-js-2.93.3.tgz 0ms (cache hit)
82 http cache @supabase/auth-js@https://registry.npmjs.org/@supabase/auth-js/-/auth-js-2.93.3.tgz 0ms (cache hit)
83 http cache @supabase/functions-js@https://registry.npmjs.org/@supabase/functions-js/-/functions-js-2.93.3.tgz 0ms (cache hit)
84 silly tarball no local data for ws@https://registry.npmjs.org/ws/-/ws-8.19.0.tgz. Extracting by manifest.
85 silly tarball no local data for iceberg-js@https://registry.npmjs.org/iceberg-js/-/iceberg-js-0.8.1.tgz. Extracting by manifest.
86 silly tarball no local data for @types/phoenix@https://registry.npmjs.org/@types/phoenix/-/phoenix-1.6.7.tgz. Extracting by manifest.
87 silly tarball no local data for @types/ws@https://registry.npmjs.org/@types/ws/-/ws-8.18.1.tgz. Extracting by manifest.
88 silly tarball no local data for @supabase/realtime-js@https://registry.npmjs.org/@supabase/realtime-js/-/realtime-js-2.93.3.tgz. Extracting by manifest.
89 silly tarball no local data for @supabase/supabase-js@https://registry.npmjs.org/@supabase/supabase-js/-/supabase-js-2.93.3.tgz. Extracting by manifest.
90 silly tarball no local data for @supabase/storage-js@https://registry.npmjs.org/@supabase/storage-js/-/storage-js-2.93.3.tgz. Extracting by manifest.
91 silly tarball no local data for @supabase/postgrest-js@https://registry.npmjs.org/@supabase/postgrest-js/-/postgrest-js-2.93.3.tgz. Extracting by manifest.
92 silly tarball no local data for @supabase/auth-js@https://registry.npmjs.org/@supabase/auth-js/-/auth-js-2.93.3.tgz. Extracting by manifest.
93 silly tarball no local data for @supabase/functions-js@https://registry.npmjs.org/@supabase/functions-js/-/functions-js-2.93.3.tgz. Extracting by manifest.
94 http fetch GET 200 https://registry.npmjs.org/iceberg-js/-/iceberg-js-0.8.1.tgz 47ms (cache miss)
95 http fetch GET 200 https://registry.npmjs.org/ws/-/ws-8.19.0.tgz 55ms (cache miss)
96 http fetch GET 200 https://registry.npmjs.org/@types/ws/-/ws-8.18.1.tgz 56ms (cache miss)
97 http fetch GET 200 https://registry.npmjs.org/@types/phoenix/-/phoenix-1.6.7.tgz 56ms (cache miss)
98 http fetch GET 200 https://registry.npmjs.org/@supabase/functions-js/-/functions-js-2.93.3.tgz 151ms (cache miss)
99 http fetch POST 200 https://registry.npmjs.org/-/npm/v1/security/advisories/bulk 182ms
100 silly audit report {}
101 http fetch GET 200 https://registry.npmjs.org/@supabase/storage-js/-/storage-js-2.93.3.tgz 199ms (cache miss)
102 http fetch GET 200 https://registry.npmjs.org/@supabase/supabase-js/-/supabase-js-2.93.3.tgz 212ms (cache miss)
103 http fetch GET 200 https://registry.npmjs.org/@supabase/postgrest-js/-/postgrest-js-2.93.3.tgz 225ms (cache miss)
104 http fetch GET 200 https://registry.npmjs.org/@supabase/realtime-js/-/realtime-js-2.93.3.tgz 250ms (cache miss)
105 http fetch GET 200 https://registry.npmjs.org/@supabase/auth-js/-/auth-js-2.93.3.tgz 254ms (cache miss)
106 silly ADD node_modules/iceberg-js
107 silly ADD node_modules/ws
108 silly ADD node_modules/@types/ws
109 silly ADD node_modules/@types/phoenix
110 silly ADD node_modules/@supabase/storage-js
111 silly ADD node_modules/@supabase/realtime-js
112 silly ADD node_modules/@supabase/postgrest-js
113 silly ADD node_modules/@supabase/functions-js
114 silly ADD node_modules/@supabase/auth-js
115 silly ADD node_modules/@supabase/supabase-js
116 verbose cwd /Users/psilvu/Dev/ChurchAsset
117 verbose os Darwin 25.2.0
118 verbose node v24.2.0
119 verbose npm  v11.3.0
120 verbose exit 0
121 info ok
