0 verbose cli /opt/homebrew/Cellar/node/24.2.0/bin/node /opt/homebrew/lib/node_modules/npm/bin/npm-cli.js
1 info using npm@11.3.0
2 info using node@v24.2.0
3 silly config load:file:/opt/homebrew/lib/node_modules/npm/npmrc
4 silly config load:file:/Users/psilvu/Dev/ChurchAsset/.npmrc
5 silly config load:file:/Users/psilvu/.npmrc
6 silly config load:file:/opt/homebrew/etc/npmrc
7 verbose title npm exec create-next-app@latest . --ts --tailwind --eslint --app --src-dir --import-alias @/*
8 verbose argv "exec" "--yes" "--" "create-next-app@latest" "." "--ts" "--tailwind" "--eslint" "--app" "--src-dir" "--import-alias" "@/*"
9 verbose logfile logs-max:10 dir:/Users/psilvu/Dev/ChurchAsset/.npm/_logs/2026-02-02T07_19_00_628Z-
10 verbose logfile /Users/psilvu/Dev/ChurchAsset/.npm/_logs/2026-02-02T07_19_00_628Z-debug-0.log
11 silly logfile done cleaning log files
12 silly packumentCache heap:4496293888 maxSize:1124073472 maxEntrySize:562036736
13 http fetch GET 200 https://registry.npmjs.org/create-next-app 330ms (cache miss)
14 silly packumentCache heap:4496293888 maxSize:1124073472 maxEntrySize:562036736
15 silly packumentCache heap:4496293888 maxSize:1124073472 maxEntrySize:562036736
16 silly idealTree buildDeps
17 silly fetch manifest create-next-app@16.1.6
18 silly packumentCache full:https://registry.npmjs.org/create-next-app cache-miss
19 http fetch GET 200 https://registry.npmjs.org/create-next-app 204ms (cache miss)
20 silly packumentCache full:https://registry.npmjs.org/create-next-app set size:undefined disposed:false
21 silly placeDep ROOT create-next-app@16.1.6 OK for:  want: 16.1.6
22 silly reify moves {}
23 silly audit bulk request { 'create-next-app': [ '16.1.6' ] }
24 http cache create-next-app@https://registry.npmjs.org/create-next-app/-/create-next-app-16.1.6.tgz 1ms (cache hit)
25 silly tarball no local data for create-next-app@https://registry.npmjs.org/create-next-app/-/create-next-app-16.1.6.tgz. Extracting by manifest.
26 http fetch GET 200 https://registry.npmjs.org/create-next-app/-/create-next-app-16.1.6.tgz 112ms (cache miss)
27 http fetch POST 200 https://registry.npmjs.org/-/npm/v1/security/advisories/bulk 158ms
28 silly audit report {}
29 verbose cwd /Users/psilvu/Dev/ChurchAsset
30 verbose os Darwin 25.2.0
31 verbose node v24.2.0
32 verbose npm  v11.3.0
33 verbose exit 1
34 verbose code 1
